<?xml version="1.0" encoding="UTF-8"?>
<testsuite xmlns:xsi="http://www.w3.org/2001/XMLSchema-instance" xsi:noNamespaceSchemaLocation="https://maven.apache.org/surefire/maven-surefire-plugin/xsd/surefire-test-report.xsd" name="it.intorbida.exam.EsameNegativeTest" time="0.028" tests="3" errors="0" skipped="0" failures="0">
  <properties>
[...]
</properties>
  <testcase name="testEsameSostenutoVotoInvalido[0]" classname="it.intorbida.exam.EsameNegativeTest" time="0.004"/>
  <testcase name="testEsameSostenutoDataInvalida[0]" classname="it.intorbida.exam.EsameNegativeTest" time="0"/>
  <testcase name="testCostruttoreCFUInvalido[0]" classname="it.intorbida.exam.EsameNegativeTest" time="0"/>
</testsuite>